###############################################################################
#
# IAR C/C++ Compiler V7.11.1.983/W32 for MSP430           20/Mar/2018  20:21:19
# Copyright 1996-2017 IAR Systems AB.
# Standalone license - IAR Embedded Workbench for Texas Instruments MSP430, 8K KickStart Edition 7.11
#
#    __rt_version  =  3
#    __double_size =  32
#    __reg_r4      =  free
#    __reg_r5      =  free
#    __pic         =  no
#    __core        =  430X
#    __data_model  =  small
#    __code_model  =  large
#    Source file   =  
#        C:\Users\shmes\Desktop\Escritorio
#        Personal\Escuela\ECE\306\ECE306\Project_07\ir_menu.c
#    Command line  =  
#        -f C:\Users\shmes\AppData\Local\Temp\EW69FF.tmp
#        ("C:\Users\shmes\Desktop\Escritorio
#        Personal\Escuela\ECE\306\ECE306\Project_07\ir_menu.c" -lC
#        "C:\Users\shmes\Desktop\Escritorio
#        Personal\Escuela\ECE\306\ECE306\Project_07\Debug\List" -o
#        "C:\Users\shmes\Desktop\Escritorio
#        Personal\Escuela\ECE\306\ECE306\Project_07\Debug\Obj" --no_cse
#        --no_unroll --no_inline --no_code_motion --no_tbaa --debug
#        -D__MSP430FR5994__ -e --double=32 --dlib_config "C:\Program Files
#        (x86)\IAR Systems\Embedded Workbench 8.0\430\lib\dlib\dl430xlsfn.h"
#        --core=430X --data_model=small -On --multiplier=32
#        --hw_workaround=CPU40 --code_model=large)
#    Locale        =  Spanish_USA.1252
#    List file     =  
#        C:\Users\shmes\Desktop\Escritorio
#        Personal\Escuela\ECE\306\ECE306\Project_07\Debug\List\ir_menu.lst
#    Object file   =  
#        C:\Users\shmes\Desktop\Escritorio
#        Personal\Escuela\ECE\306\ECE306\Project_07\Debug\Obj\ir_menu.r43
#
###############################################################################

C:\Users\shmes\Desktop\Escritorio Personal\Escuela\ECE\306\ECE306\Project_07\ir_menu.c
      1          //===============================================================
      2          //  File Name: ir_menu.c
      3          //  Description: This file contains the Initialization of the left
      4          //                    and right IR detectors and the self-driving
      5          //                    functions.
      6          //
      7          //  Author: Sam Messick
      8          //  Date: Mar. 2018
      9          //  Compiler Build with IAR Embedded Workbench Version: V4.10A/W32 (7.11.2)
     10          //===============================================================
     11          
     12          #include "ir_menu.h"
     13          
     14          while(ADC12CTL0 & ADC12BUSY);
                 ^
Error[Pe169]: expected a declaration
     15              if(ADC_Left_Detector < IR_ACTIVE_READING && ADC_Right_Detector < IR_ACTIVE_READING)
                     ^
Error[Pe169]: expected a declaration
     16                P5OUT &= ~LCD_BACKLITE;
     17              else
                     ^
Error[Pe169]: expected a declaration
     18                P5OUT |= LCD_BACKLITE;
     19              if(ADC_Thumb > THUMB_ACTIVE_READING && one_time)
                     ^
Error[Pe169]: expected a declaration
     20              {
     21                TA0CCTL0 &= ~CCIE;
     22                one_time = false;
     23                defer_to_shape_menu();
     24              }
     25              if(ADC_Thumb < THUMB_ACTIVE_READING)
     26              {
     27                TA0CCTL0 |= CCIE;
     28                TA0CCTL2 &= ~CCIE;
     29                Wheels_OFF();
     30                one_time = true;
     31              }
     32              ADC12IER0  |= (ADC12IE2     | // Enable interrupts for new sample results
     33                           ADC12IE4     |
     34                           ADC12IE5);
                                           ^
Warning[Pe012]: parsing restarts here after previous syntax error

Errors: 4
Warnings: 1
