###############################################################################
#
# IAR C/C++ Compiler V7.11.1.983/W32 for MSP430           02/Feb/2018  10:11:47
# Copyright 1996-2017 IAR Systems AB.
# Standalone license - IAR Embedded Workbench for Texas Instruments MSP430, 8K KickStart Edition 7.11
#
#    __rt_version  =  3
#    __double_size =  32
#    __reg_r4      =  free
#    __reg_r5      =  free
#    __pic         =  no
#    __core        =  430X
#    __data_model  =  small
#    __code_model  =  large
#    Source file   =  
#        C:\Users\shmes\Desktop\Escritorio
#        Personal\Escuela\ECE\306\ECE306-When-Shit-Got-Real\Project_04\switches.c
#    Command line  =  
#        -f C:\Users\shmes\AppData\Local\Temp\EW7CF.tmp
#        ("C:\Users\shmes\Desktop\Escritorio
#        Personal\Escuela\ECE\306\ECE306-When-Shit-Got-Real\Project_04\switches.c"
#        -lC "C:\Users\shmes\Desktop\Escritorio
#        Personal\Escuela\ECE\306\ECE306-When-Shit-Got-Real\Project_04\Debug\List"
#        -o "C:\Users\shmes\Desktop\Escritorio
#        Personal\Escuela\ECE\306\ECE306-When-Shit-Got-Real\Project_04\Debug\Obj"
#        --no_cse --no_unroll --no_inline --no_code_motion --no_tbaa --debug
#        -D__MSP430FR5994__ -e --double=32 --dlib_config "C:\Program Files
#        (x86)\IAR Systems\Embedded Workbench 8.0\430\lib\dlib\dl430xlsfn.h"
#        --core=430X --data_model=small -On --multiplier=32
#        --hw_workaround=CPU40 --code_model=large)
#    Locale        =  Spanish_USA.1252
#    List file     =  
#        C:\Users\shmes\Desktop\Escritorio
#        Personal\Escuela\ECE\306\ECE306-When-Shit-Got-Real\Project_04\Debug\List\switches.lst
#    Object file   =  
#        C:\Users\shmes\Desktop\Escritorio
#        Personal\Escuela\ECE\306\ECE306-When-Shit-Got-Real\Project_04\Debug\Obj\switches.r43
#
###############################################################################

C:\Users\shmes\Desktop\Escritorio Personal\Escuela\ECE\306\ECE306-When-Shit-Got-Real\Project_04\switches.c
      1          //===============================================================
      2          //  File Name: switches.c
      3          //  Description: This file contains the functions needed for button
      4          //                    operation of the LCD, wheels and LEDs
      5          //
      6          //  Author: Sam Messick
      7          //  Date Feb. 2018
      8          //  Compiler Build with IAR Embedded Workbench Version: V4.10A/W32 (7.11.2)
      9          //===============================================================
     10          
     11          #include "switches.h"


 

 


Errors: none
Warnings: none
