###############################################################################
#
# IAR C/C++ Compiler V7.11.1.983/W32 for MSP430           08/Apr/2018  17:01:49
# Copyright 1996-2017 IAR Systems AB.
# Standalone license - IAR Embedded Workbench for Texas Instruments MSP430, 8K KickStart Edition 7.11
#
#    __rt_version  =  3
#    __double_size =  32
#    __reg_r4      =  free
#    __reg_r5      =  free
#    __pic         =  no
#    __core        =  430X
#    __data_model  =  small
#    __code_model  =  large
#    Source file   =  
#        C:\Users\shmes\Desktop\Escritorio
#        Personal\Escuela\ECE\306\ECE306\Homework_08\timerA0.c
#    Command line  =  
#        -f C:\Users\shmes\AppData\Local\Temp\EW6383.tmp
#        ("C:\Users\shmes\Desktop\Escritorio
#        Personal\Escuela\ECE\306\ECE306\Homework_08\timerA0.c" -lC
#        "C:\Users\shmes\Desktop\Escritorio
#        Personal\Escuela\ECE\306\ECE306\Homework_08\Debug\List" -o
#        "C:\Users\shmes\Desktop\Escritorio
#        Personal\Escuela\ECE\306\ECE306\Homework_08\Debug\Obj" --no_cse
#        --no_unroll --no_inline --no_code_motion --no_tbaa --debug
#        -D__MSP430FR5994__ -e --double=32 --dlib_config "C:\Program Files
#        (x86)\IAR Systems\Embedded Workbench 8.0\430\lib\dlib\dl430xlsfn.h"
#        --core=430X --data_model=small -On --multiplier=32
#        --hw_workaround=CPU40 --code_model=large)
#    Locale        =  Spanish_USA.1252
#    List file     =  
#        C:\Users\shmes\Desktop\Escritorio
#        Personal\Escuela\ECE\306\ECE306\Homework_08\Debug\List\timerA0.lst
#    Object file   =  
#        C:\Users\shmes\Desktop\Escritorio
#        Personal\Escuela\ECE\306\ECE306\Homework_08\Debug\Obj\timerA0.r43
#
###############################################################################

C:\Users\shmes\Desktop\Escritorio Personal\Escuela\ECE\306\ECE306\Homework_08\timerA0.c
      1          //===============================================================
      2          //  File Name: timerA1.c
      3          //  Description: This file contains the initialization of timer
      4          //                    A1--the variable millisecond timer--and the 
      5          //                    LCD refresh routine.
      6          //
      7          //  Author: Sam Messick
      8          //  Date Feb. 2018
      9          //  Compiler Build with IAR Embedded Workbench Version: V4.10A/W32 (7.11.2)
     10          //===============================================================
     11          
     12          #include "timerA0.h"

   \                                 In  segment DATA16_AN, at 0x340
   \   union <unnamed> _A_TA0CTL_L
   \                     _A_TA0CTL_L:
   \   000000                DS8 2

   \                                 In  segment DATA16_AN, at 0x344
   \   union <unnamed> _A_TA0CCTL1_L
   \                     _A_TA0CCTL1_L:
   \   000000                DS8 2

   \                                 In  segment DATA16_AN, at 0x346
   \   union <unnamed> _A_TA0CCTL2_L
   \                     _A_TA0CCTL2_L:
   \   000000                DS8 2

   \                                 In  segment DATA16_AN, at 0x352
   \   union <unnamed> _A_TA0CCR0_L
   \                     _A_TA0CCR0_L:
   \   000000                DS8 2

   \                                 In  segment DATA16_AN, at 0x354
   \   union <unnamed> _A_TA0CCR1_L
   \                     _A_TA0CCR1_L:
   \   000000                DS8 2

   \                                 In  segment DATA16_AN, at 0x356
   \   union <unnamed> _A_TA0CCR2_L
   \                     _A_TA0CCR2_L:
   \   000000                DS8 2

   \                                 In  segment DATA16_AN, at 0x36e
   \   union <unnamed> _A_TA0IV_L
   \                     _A_TA0IV_L:
   \   000000                DS8 2
     13          

   \                                 In  segment DATA16_Z, align 2, align-sorted
   \   000000                REQUIRE ?cstart_init_zero
     14          uint16_t counter_A01;           // Timer A1.1 interrupt occurences counter (range 0 - 1000)
   \                     counter_A01:
   \   000000                DS8 2

   \                                 In  segment DATA16_Z, align 2, align-sorted
   \   000000                REQUIRE ?cstart_init_zero
     15          uint16_t counter_A02;           // Timer A1.2 interrupt occurences counter (range 0 - 1000)
   \                     counter_A02:
   \   000000                DS8 2

   \                                 In  segment DATA16_Z, align 2, align-sorted
   \   000000                REQUIRE ?cstart_init_zero
     16          volatile uint16_t counter_A00;               // 1 msec counting interval for Timer A1.0
   \                     counter_A00:
   \   000000                DS8 2

   \                                 In  segment DATA16_Z, align 2, align-sorted
   \   000000                REQUIRE ?cstart_init_zero
     17          volatile uint16_t delay_time;         // Timer A1.2 counter assignment -- receives input from main
   \                     delay_time:
   \   000000                DS8 2

   \                                 In  segment DATA16_Z, align 1, align-sorted
   \   000000                REQUIRE ?cstart_init_zero
     18          volatile uint8_t  ir_ready_to_print;
   \                     ir_ready_to_print:
   \   000000                DS8 1

   \                                 In  segment DATA16_Z, align 1, align-sorted
   \   000000                REQUIRE ?cstart_init_zero
     19          volatile uint8_t waiting;
   \                     waiting:
   \   000000                DS8 1
     20          

   \                                 In  segment CODE, align 2
     21          void Init_Timer_A0(void) {
   \                     Init_Timer_A0:
     22            // Initialize Timer A1 and activate display update
     23            TA0CTL = TASSEL__ACLK;
   \   000000   B24000014003 MOV.W   #0x100, &0x340
     24            TA0CTL |= (TACLR | MC_1 | ID_1);       // SMCLK Clock source on up mode at 1 MHz
   \   000006   B2D054004003 BIS.W   #0x54, &0x340
     25            TA0CTL |= TAIDEX__1;                   
   \   00000C   924240034003 MOV.W   &0x340, &0x340
     26            TA0CCR0 = MSEC;                        // interrupt time set to 1/1000 second
   \   000012   B240C60C5203 MOV.W   #0xcc6, &0x352
     27            TA0CCR1 = MSEC;                        // interrupt time set to 1/1000 second
   \   000018   B240C60C5403 MOV.W   #0xcc6, &0x354
     28            TA0CCR2 = FIVE_MSEC;                        // interrupt time set to 1/1000 second
   \   00001E   B240E8035603 MOV.W   #0x3e8, &0x356
     29            
     30            //TA0CCTL0 |= CCIE;                      // Enable clock interrupts every 1/1000 second
     31            TA0CTL &= ~(TAIFG);                    // Clear Timer A1 interrupt flag and interrupt enable
   \   000024   92C34003     BIC.W   #0x1, &0x340
     32          }
   \   000028   1001         RETA
   \   00002A                REQUIRE _A_TA0CTL_L
   \   00002A                REQUIRE _A_TA0CCR0_L
   \   00002A                REQUIRE _A_TA0CCR1_L
   \   00002A                REQUIRE _A_TA0CCR2_L
     33          
     34          ////////////////////////////////////
     35          //Interrupt timer update functions//
     36          /////////////////////////////////////////////////////////////////////////////////////////////////

   \                                 In  segment CODE, align 2
     37          void handle_quart_second_delay(void){
   \                     handle_quart_second_delay:
     38            // Debouncing delay for Buttons 1 and 2
     39            counter_A01++;                         // Increment debounce counter by 1 msec
   \   000000   9253....     ADD.W   #0x1, &counter_A01
     40            if(!(counter_A01 % QUART_SEC))   // **If debounce counter has counter 250 msec
   \   000004   3E400500     MOV.W   #0x5, R14
   \   000008   1C42....     MOV.W   &counter_A01, R12
   \   00000C   ........     CALLA   #?DivMod16u
   \   000010   0E93         CMP.W   #0x0, R14
   \   000012   0720         JNE     ??handle_quart_second_delay_0
     41            {
     42              TA0CCTL1 &= ~CCIE;                   //     Disable debounce delay routine                 
   \   000014   B2C010004403 BIC.W   #0x10, &0x344
     43              counter_A01 = COUNTER_RESET;         //     reset timer A11 counter 
   \   00001A   8243....     MOV.W   #0x0, &counter_A01
     44              debounced = true;                    //     Allow switch to reactivate button interrupt routine
   \   00001E   D243....     MOV.B   #0x1, &debounced
     45              //defer_to_shape_menu();                       //     Update menu state machine
     46            }
     47          }
   \                     ??handle_quart_second_delay_0:
   \   000022   1001         RETA
   \   000024                REQUIRE _A_TA0CCTL1_L
     48          

   \                                 In  segment CODE, align 2
     49          void handle_procedural_delay(void){     
   \                     handle_procedural_delay:
     50            // General delay for menu state machine
     51            counter_A02++;                         // Increment delay counter by 1msec
   \   000000   9253....     ADD.W   #0x1, &counter_A02
     52            if(!(counter_A02 % delay_time))        // **If debounce counter has counter of delay_time msec
   \   000004   1E42....     MOV.W   &delay_time, R14
   \   000008   1C42....     MOV.W   &counter_A02, R12
   \   00000C   ........     CALLA   #?DivMod16u
   \   000010   0E93         CMP.W   #0x0, R14
   \   000012   0920         JNE     ??handle_procedural_delay_0
     53            {
     54              TA0CCTL2 &= ~CCIE;                   //     Disable procedural delay routine                
   \   000014   B2C010004603 BIC.W   #0x10, &0x346
     55              counter_A02 = COUNTER_RESET;         //     Reset timer A11 counter
   \   00001A   8243....     MOV.W   #0x0, &counter_A02
     56              delay_time  = COUNTER_RESET;         //     Reset delay_time to 0 msec
   \   00001E   8243....     MOV.W   #0x0, &delay_time
     57              waiting     = false;
   \   000022   C243....     MOV.B   #0x0, &waiting
     58              //defer_to_shape_menu();                       //     Enable pending menu state machine instruction
     59            }
     60          }
   \                     ??handle_procedural_delay_0:
   \   000026   1001         RETA
   \   000028                REQUIRE _A_TA0CCTL2_L
     61          //////////////////////////////////////////////////////////////////////////////////////////////////
     62          /*
     63          //   Timer A1.0 interrupt routine  //
     64          // ------LCD Display Updater------ //
     65          #pragma vector = TIMER0_A0_VECTOR
     66          __interrupt void Timer0_A0_ISR(void){
     67            counter_A00++;                         // Increment counter by 1 msec for each 1 msec interrupt
     68            if((counter_A00 + 2 >= 4))            // Quarter-second elapsed
     69            {
     70              LCD_print(USB_Char_Rx, "          ", word3, "          ");
     71              counter_A00 = COUNTER_RESET;         // Reset 1 msec interrupt counter
     72            }
     73          }
     74          */
     75          
     76          //   Timer A1 interrupt routines   //
     77          //         **OVERFLOW**            //
     78          // ------.25 second delay--------- // <-- Highest Priority (debounce)
     79          // ----- Procedural delay -------- //                      (pauses for delay_time in msecs)
     80          #pragma vector = TIMER0_A1_VECTOR

   \                                 In  segment ISR_CODE, align 2
     81          __interrupt void Timer0_A1_ISR(void){
   \                     Timer0_A1_ISR:
   \   000000   3F15         PUSHM.W #0x4, R15
     82            // Check and handle interrupt vector
     83            switch(TA0IV)
   \   000002   1F426E03     MOV.W   &0x36e, R15
   \   000006   2F83         SUB.W   #0x2, R15
   \   000008   0524         JEQ     ??Timer0_A1_ISR_1
   \   00000A   2F83         SUB.W   #0x2, R15
   \   00000C   0624         JEQ     ??Timer0_A1_ISR_2
   \   00000E   2F83         SUB.W   #0x2, R15
   \   000010   0724         JEQ     ??Timer0_A1_ISR_3
   \   000012   0A3C         JMP     ??Timer0_A1_ISR_0
     84            {
     85            case TA0IV_1:                                   // ------Button Press Debounce------ //
     86              handle_quart_second_delay();
   \                     ??Timer0_A1_ISR_1:
   \   000014   ........     CALLA   #handle_quart_second_delay
     87              break;
   \   000018   073C         JMP     ??Timer0_A1_ISR_0
     88            case TA0IV_2:                                   // ------ Procedural Delay---------- // 
     89              handle_procedural_delay();
   \                     ??Timer0_A1_ISR_2:
   \   00001A   ........     CALLA   #handle_procedural_delay
     90              break;
   \   00001E   043C         JMP     ??Timer0_A1_ISR_0
     91            case (TA0IV_1 | TA0IV_2):                       // Procedural delay and button press //
     92              handle_quart_second_delay();
   \                     ??Timer0_A1_ISR_3:
   \   000020   ........     CALLA   #handle_quart_second_delay
     93              handle_procedural_delay();
   \   000024   ........     CALLA   #handle_procedural_delay
     94            }
     95            TA0CTL &= ~(TAIFG);                             // Update Timer A1.1-2 interrupt queue
   \                     ??Timer0_A1_ISR_0:
   \   000028   92C34003     BIC.W   #0x1, &0x340
     96          }
   \   00002C   3C17         POPM.W  #0x4, R15
   \   00002E   0013         RETI
   \   000030                REQUIRE _A_TA0IV_L
   \   000030                REQUIRE _A_TA0CTL_L

   \                                 In  segment INTVEC, offset 0x58, root
   \                     `??Timer0_A1_ISR::??INTVEC 88`:
   \   000058   ....         DC16    Timer0_A1_ISR

   Maximum stack usage in bytes:

   CSTACK Function
   ------ --------
      4   Init_Timer_A0
     12   Timer0_A1_ISR
       12   -> handle_procedural_delay
       12   -> handle_quart_second_delay
      4   handle_procedural_delay
        4 ?DivMod16u
      4   handle_quart_second_delay
        4 ?DivMod16u


   Segment part sizes:

   Bytes  Function/Label
   -----  --------------
      42  Init_Timer_A0
      48  Timer0_A1_ISR
       2  Timer0_A1_ISR::??INTVEC 88
       2  _A_TA0CCR0_L
       2  _A_TA0CCR1_L
       2  _A_TA0CCR2_L
       2  _A_TA0CCTL1_L
       2  _A_TA0CCTL2_L
       2  _A_TA0CTL_L
       2  _A_TA0IV_L
       2  counter_A00
       2  counter_A01
       2  counter_A02
       2  delay_time
      40  handle_procedural_delay
      36  handle_quart_second_delay
       1  ir_ready_to_print
       1  waiting

 
 118 bytes in segment CODE
  14 bytes in segment DATA16_AN
  10 bytes in segment DATA16_Z
   2 bytes in segment INTVEC
  48 bytes in segment ISR_CODE
 
 166 bytes of CODE  memory
   0 bytes of CONST memory (+  2 bytes shared)
  10 bytes of DATA  memory (+ 14 bytes shared)

Errors: none
Warnings: none
