###############################################################################
#
# IAR C/C++ Compiler V7.11.1.983/W32 for MSP430           19/Apr/2018  09:11:39
# Copyright 1996-2017 IAR Systems AB.
# Standalone license - IAR Embedded Workbench for Texas Instruments MSP430, 8K KickStart Edition 7.11
#
#    __rt_version  =  3
#    __double_size =  32
#    __reg_r4      =  free
#    __reg_r5      =  free
#    __pic         =  no
#    __core        =  430X
#    __data_model  =  small
#    __code_model  =  large
#    Source file   =  
#        C:\Users\shmes\Desktop\Escritorio
#        Personal\Escuela\ECE\306\ECE306\Project_09\main.c
#    Command line  =  
#        -f C:\Users\shmes\AppData\Local\Temp\EW1010.tmp
#        ("C:\Users\shmes\Desktop\Escritorio
#        Personal\Escuela\ECE\306\ECE306\Project_09\main.c" -lC
#        "C:\Users\shmes\Desktop\Escritorio
#        Personal\Escuela\ECE\306\ECE306\Project_09\Debug\List" -o
#        "C:\Users\shmes\Desktop\Escritorio
#        Personal\Escuela\ECE\306\ECE306\Project_09\Debug\Obj" --no_cse
#        --no_unroll --no_inline --no_code_motion --no_tbaa --debug
#        -D__MSP430FR5994__ -e --double=32 --dlib_config "C:\Program Files
#        (x86)\IAR Systems\Embedded Workbench 8.0\430\lib\dlib\dl430xlsfn.h"
#        --core=430X --data_model=small -On --multiplier=32
#        --hw_workaround=CPU40 --code_model=large)
#    Locale        =  Spanish_USA.1252
#    List file     =  
#        C:\Users\shmes\Desktop\Escritorio
#        Personal\Escuela\ECE\306\ECE306\Project_09\Debug\List\main.lst
#    Object file   =  
#        C:\Users\shmes\Desktop\Escritorio
#        Personal\Escuela\ECE\306\ECE306\Project_09\Debug\Obj\main.r43
#
###############################################################################

C:\Users\shmes\Desktop\Escritorio Personal\Escuela\ECE\306\ECE306\Project_09\main.c
      1          //------------------------------------------------------------------------------
      2          //  File name: main.c
      3          //  Description: This file contains the MSP430 Car's Operating System
      4          //
      5          //
      6          //  Sam Messick
      7          //  Jan 2018
      8          //  Built with IAR Embedded Workbench Version: V4.10A/W32 (7.11.2)
      9          //------------------------------------------------------------------------------
     10          
     11          #include "main.h"

   \                                 In  segment DATA16_AN, at 0x130
   \   union <unnamed> _A_PM5CTL0_L
   \                     _A_PM5CTL0_L:
   \   000000                DS8 2
     12          

   \                                 In  segment CODE, align 2
     13          void main(void){
   \                     main:
     14          //------------------------------------------------------------------------------
     15          // Main Program
     16          // This is the main initialization of the car. Execution of code starts here.
     17          // The operating system is Back Ground Fore Ground... but mainly Fore Ground lol
     18          //
     19          //------------------------------------------------------------------------------
     20            
     21            Init_Ports();                        // Initialize Ports
   \   000000   ........     CALLA   #Init_Ports
     22          // Disable the GPIO power-on default high-impedance mode to activate
     23          // previously configured port settings
     24            PM5CTL0 &= ~LOCKLPM5;
   \   000004   92C33001     BIC.W   #0x1, &0x130
     25            Init_Clocks();                       // Initialize Clock System
   \   000008   ........     CALLA   #Init_Clocks
     26            Init_Conditions();                   // Initialize Variables and Initial Conditions
   \   00000C   ........     CALLA   #Init_Conditions
     27            Init_LCD();                          // Initialize LCD
   \   000010   ........     CALLA   #Init_LCD
     28            Init_Timers();                       // Initialize Timers
   \   000014   ........     CALLA   #Init_Timers
     29            //Init_PID();
     30            Init_ADC();
   \   000018   ........     CALLA   #Init_ADC
     31            Init_Serial();
   \   00001C   ........     CALLA   #Init_Serial
     32            Init_IoT();
   \   000020   ........     CALLA   #Init_IoT
     33          
     34          // Perform user-controlled initialization
     35            
     36            enable_display_update();
   \   000024   ........     CALLA   #enable_display_update
     37            word1 = " Scanning ";
   \   000028   B240........ MOV.W   #`?<Constant " Scanning ">`, &word1
     38            word2 = "          ";
   \   00002E   B240........ MOV.W   #`?<Constant "          ">`, &word2
     39            word3 = "          ";
   \   000034   B240........ MOV.W   #`?<Constant "          ">`, &word3
     40            word4 = "          ";
   \   00003A   B240........ MOV.W   #`?<Constant "          ">`, &word4
     41            LCD_print(word1,word2,word3,word4);
   \   000040   1F42....     MOV.W   &word4, R15
   \   000044   1E42....     MOV.W   &word3, R14
   \   000048   1D42....     MOV.W   &word2, R13
   \   00004C   1C42....     MOV.W   &word1, R12
   \   000050   ........     CALLA   #LCD_print
     42          //------------------------------------------------------------------------------
     43          // Begining of the Interrupt-Based Operating System
     44          //------------------------------------------------------------------------------
     45          //------------------------------------------------------------------------------
     46          // TimerA0: controls LCD update, button debouncing and timed delays
     47          // -------          defers to state machine in shapes_menu.c following push-button
     48          //                  interrupts.
     49          //               
     50          // TimerB0: controls wheel PWM
     51          //------------------------------------------------------------------------------
     52            
     53          
     54            // Loop infinitely through transmitting and receiving messages
     55            for(;;)
     56            {
     57              // Processing for IOT commands
     58              // assume held in Main_Char_Rx[]
     59              if(connection_lost)
   \                     ??main_0:
   \   000054   C293....     CMP.B   #0x0, &connection_lost
   \   000058   0224         JEQ     ??main_1
     60                Init_IoT();
   \   00005A   ........     CALLA   #Init_IoT
     61              
     62              check_for_input();
   \                     ??main_1:
   \   00005E   ........     CALLA   #check_for_input
   \   000062   F83F         JMP     ??main_0
   \   000064   0343         NOP
   \   000066                REQUIRE _A_PM5CTL0_L
     63            }
     64          }

   \                                 In  segment DATA16_C, align 1, align-sorted
   \                     `?<Constant " Scanning ">`:
   \   000000   205363616E6E DC8 " Scanning "
   \            696E672000  

   \                                 In  segment DATA16_C, align 1, align-sorted
   \                     `?<Constant "          ">`:
   \   000000   202020202020 DC8 "          "
   \            2020202000  

   Maximum stack usage in bytes:

   CSTACK Function
   ------ --------
      4   main
        4   -> Init_ADC
        4   -> Init_Clocks
        4   -> Init_Conditions
        4   -> Init_IoT
        4   -> Init_LCD
        4   -> Init_Ports
        4   -> Init_Serial
        4   -> Init_Timers
        4   -> LCD_print
        4   -> check_for_input
        4   -> enable_display_update


   Segment part sizes:

   Bytes  Function/Label
   -----  --------------
      11  ?<Constant "          ">
      11  ?<Constant " Scanning ">
       2  _A_PM5CTL0_L
     102  main

 
 102 bytes in segment CODE
   2 bytes in segment DATA16_AN
  22 bytes in segment DATA16_C
 
 102 bytes of CODE  memory
  22 bytes of CONST memory
   0 bytes of DATA  memory (+ 2 bytes shared)

Errors: none
Warnings: none
