###############################################################################
#
# IAR C/C++ Compiler V7.11.1.983/W32 for MSP430           01/Apr/2018  17:05:15
# Copyright 1996-2017 IAR Systems AB.
# Standalone license - IAR Embedded Workbench for Texas Instruments MSP430, 8K KickStart Edition 7.11
#
#    __rt_version  =  3
#    __double_size =  32
#    __reg_r4      =  free
#    __reg_r5      =  free
#    __pic         =  no
#    __core        =  430X
#    __data_model  =  small
#    __code_model  =  large
#    Source file   =  
#        C:\Users\shmes\Desktop\Escritorio
#        Personal\Escuela\ECE\306\ECE306\Homework_08\switches.c
#    Command line  =  
#        -f C:\Users\shmes\AppData\Local\Temp\EW4185.tmp
#        ("C:\Users\shmes\Desktop\Escritorio
#        Personal\Escuela\ECE\306\ECE306\Homework_08\switches.c" -lC
#        "C:\Users\shmes\Desktop\Escritorio
#        Personal\Escuela\ECE\306\ECE306\Homework_08\Debug\List" -o
#        "C:\Users\shmes\Desktop\Escritorio
#        Personal\Escuela\ECE\306\ECE306\Homework_08\Debug\Obj" --no_cse
#        --no_unroll --no_inline --no_code_motion --no_tbaa --debug
#        -D__MSP430FR5994__ -e --double=32 --dlib_config "C:\Program Files
#        (x86)\IAR Systems\Embedded Workbench 8.0\430\lib\dlib\dl430xlsfn.h"
#        --core=430X --data_model=small -On --multiplier=32
#        --hw_workaround=CPU40 --code_model=large)
#    Locale        =  Spanish_USA.1252
#    List file     =  
#        C:\Users\shmes\Desktop\Escritorio
#        Personal\Escuela\ECE\306\ECE306\Homework_08\Debug\List\switches.lst
#    Object file   =  
#        C:\Users\shmes\Desktop\Escritorio
#        Personal\Escuela\ECE\306\ECE306\Homework_08\Debug\Obj\switches.r43
#
###############################################################################

C:\Users\shmes\Desktop\Escritorio Personal\Escuela\ECE\306\ECE306\Homework_08\switches.c
      1          //===============================================================
      2          //  File Name: switches.c
      3          //  Description: This file contains the functions needed for controlling
      4          //                    button enabled status.
      5          //
      6          //  Author: Sam Messick
      7          //  Date Feb. 2018
      8          //  Compiler Build with IAR Embedded Workbench Version: V4.10A/W32 (7.11.2)
      9          //===============================================================
     10          
     11          #include "switches.h"

  void hex_to_dec(char* output_line, uint32_t hexadecimal); // Converts hexadecimal to a 4-character decimal string for printing
       ^
"C:\Users\shmes\Desktop\Escritorio Personal\Escuela\ECE\306\ECE306\Homework_08\shapes_menu.h",28  Error[Pe147]: 
          declaration is incompatible with "__cc_version2 void hex_to_dec(char
          *, uint16_t)" (declared at line 39 of
          "C:\Users\shmes\Desktop\Escritorio
          Personal\Escuela\ECE\306\ECE306\Homework_08\adc12_B.h")
     12          
     13          //Enable right switch
     14          void enable_switch_BUTTON1(void){
     15            P5OUT |= BUTTON1;                     // Select pull up resistor
     16            P5DIR &= ~BUTTON1;                    // Set direction to input
     17          }
     18          
     19          // Enable left switch
     20          void enable_switch_BUTTON2(void){
     21            P5OUT |= BUTTON2;                     // Select pull up resistor
     22            P5DIR &= ~BUTTON2;                    // Set direction to input
     23          }
     24          //----------------------------------------------------------------
     25          // Begin with switches enabled
     26          void Init_Switches(void){               
     27            enable_switch_BUTTON1();
     28            enable_switch_BUTTON2();
     29          }
     30          //----------------------------------------------------------------
     31          void disable_switch_BUTTON1(void){
     32            P5DIR |= BUTTON1;                     // Set direction to output
     33            P5OUT &= ~BUTTON1;                    // Set output to low
     34          }
     35          void disable_switch_BUTTON2(void){
     36            P5DIR |= BUTTON2;                     // Set direction to output
     37            P5OUT &= ~BUTTON2;                    // Set output to low
     38          }
     39          void Disable_Switches(void){               
     40            disable_switch_BUTTON1();
     41            disable_switch_BUTTON2();
     42          }
     43          //----------------------------------------------------------------

Errors: 1
Warnings: none
