###############################################################################
#
# IAR C/C++ Compiler V7.11.1.983/W32 for MSP430           17/Apr/2018  17:38:49
# Copyright 1996-2017 IAR Systems AB.
# Standalone license - IAR Embedded Workbench for Texas Instruments MSP430, 8K KickStart Edition 7.11
#
#    __rt_version  =  3
#    __double_size =  32
#    __reg_r4      =  free
#    __reg_r5      =  free
#    __pic         =  no
#    __core        =  430X
#    __data_model  =  small
#    __code_model  =  large
#    Source file   =  
#        C:\Users\shmes\Desktop\Escritorio
#        Personal\Escuela\ECE\306\ECE306\Project_09\timerB0.c
#    Command line  =  
#        -f C:\Users\shmes\AppData\Local\Temp\EWAA6E.tmp
#        ("C:\Users\shmes\Desktop\Escritorio
#        Personal\Escuela\ECE\306\ECE306\Project_09\timerB0.c" -lC
#        "C:\Users\shmes\Desktop\Escritorio
#        Personal\Escuela\ECE\306\ECE306\Project_09\Debug\List" -o
#        "C:\Users\shmes\Desktop\Escritorio
#        Personal\Escuela\ECE\306\ECE306\Project_09\Debug\Obj" --no_cse
#        --no_unroll --no_inline --no_code_motion --no_tbaa --debug
#        -D__MSP430FR5994__ -e --double=32 --dlib_config "C:\Program Files
#        (x86)\IAR Systems\Embedded Workbench 8.0\430\lib\dlib\dl430xlsfn.h"
#        --core=430X --data_model=small -On --multiplier=32
#        --hw_workaround=CPU40 --code_model=large)
#    Locale        =  Spanish_USA.1252
#    List file     =  
#        C:\Users\shmes\Desktop\Escritorio
#        Personal\Escuela\ECE\306\ECE306\Project_09\Debug\List\timerB0.lst
#    Object file   =  
#        C:\Users\shmes\Desktop\Escritorio
#        Personal\Escuela\ECE\306\ECE306\Project_09\Debug\Obj\timerB0.r43
#
###############################################################################

C:\Users\shmes\Desktop\Escritorio Personal\Escuela\ECE\306\ECE306\Project_09\timerB0.c
      1          //===============================================================
      2          //  File Name: timerB0.c
      3          //  Description: This file contains the functions needed for PWM
      4          //                    operation with the left and right motors
      5          //
      6          //  Author: Sam Messick
      7          //  Date Feb. 2018
      8          //  Compiler Build with IAR Embedded Workbench Version: V4.10A/W32 (7.11.2)
      9          //===============================================================
     10          
     11          #include "timerB0.h"

   \                                 In  segment DATA16_AN, at 0x380
   \   union <unnamed> _A_TA1CTL_L
   \                     _A_TA1CTL_L:
   \   000000                DS8 2

   \                                 In  segment DATA16_AN, at 0x3c0
   \   union <unnamed> _A_TB0CTL_L
   \                     _A_TB0CTL_L:
   \   000000                DS8 2

   \                                 In  segment DATA16_AN, at 0x3c8
   \   union <unnamed> _A_TB0CCTL3_L
   \                     _A_TB0CCTL3_L:
   \   000000                DS8 2

   \                                 In  segment DATA16_AN, at 0x3ca
   \   union <unnamed> _A_TB0CCTL4_L
   \                     _A_TB0CCTL4_L:
   \   000000                DS8 2

   \                                 In  segment DATA16_AN, at 0x3cc
   \   union <unnamed> _A_TB0CCTL5_L
   \                     _A_TB0CCTL5_L:
   \   000000                DS8 2

   \                                 In  segment DATA16_AN, at 0x3ce
   \   union <unnamed> _A_TB0CCTL6_L
   \                     _A_TB0CCTL6_L:
   \   000000                DS8 2

   \                                 In  segment DATA16_AN, at 0x3d8
   \   union <unnamed> _A_TB0CCR3_L
   \                     _A_TB0CCR3_L:
   \   000000                DS8 2

   \                                 In  segment DATA16_AN, at 0x3da
   \   union <unnamed> _A_TB0CCR4_L
   \                     _A_TB0CCR4_L:
   \   000000                DS8 2

   \                                 In  segment DATA16_AN, at 0x3dc
   \   union <unnamed> _A_TB0CCR5_L
   \                     _A_TB0CCR5_L:
   \   000000                DS8 2

   \                                 In  segment DATA16_AN, at 0x3de
   \   union <unnamed> _A_TB0CCR6_L
   \                     _A_TB0CCR6_L:
   \   000000                DS8 2
     12          // Initialize motor PWM registers

   \                                 In  segment CODE, align 2
     13          void Init_Timer_B0(void){
   \                     Init_Timer_B0:
     14            TB0CTL    = TASSEL__SMCLK;            // Select SMCLK for source
   \   000000   B2400002C003 MOV.W   #0x200, &0x3c0
     15            TB0CTL   |= (MC_2|TBCLR);             // Continuous mode; clear Timer B0 register ]
   \   000006   B2D02400C003 BIS.W   #0x24, &0x3c0
     16            TA1CTL &= ~(TAIFG);                 // Clear Timer A1 interrupt flag and interrupt enable
   \   00000C   92C38003     BIC.W   #0x1, &0x380
     17            
     18            
     19          // Set all motor pins to Reset/Set mode, 0% duty cycle
     20            TB0CCTL3 |= OUTMOD_7;                 //  Reset/Set mode
   \   000010   B2D0E000C803 BIS.W   #0xe0, &0x3c8
     21            TB0CCTL4 |= OUTMOD_7;                 
   \   000016   B2D0E000CA03 BIS.W   #0xe0, &0x3ca
     22            TB0CCTL5 |= OUTMOD_7;                 
   \   00001C   B2D0E000CC03 BIS.W   #0xe0, &0x3cc
     23            TB0CCTL6 |= OUTMOD_7;
   \   000022   B2D0E000CE03 BIS.W   #0xe0, &0x3ce
     24            TB0CCR3   = MOTOR_OFF;                //  Begin with motor off
   \   000028   8243D803     MOV.W   #0x0, &0x3d8
     25            TB0CCR4   = MOTOR_OFF;                
   \   00002C   8243DA03     MOV.W   #0x0, &0x3da
     26            TB0CCR5   = MOTOR_OFF;                
   \   000030   8243DC03     MOV.W   #0x0, &0x3dc
     27            TB0CCR6   = MOTOR_OFF;    
   \   000034   8243DE03     MOV.W   #0x0, &0x3de
     28          }  
   \   000038   1001         RETA
   \   00003A                REQUIRE _A_TB0CTL_L
   \   00003A                REQUIRE _A_TA1CTL_L
   \   00003A                REQUIRE _A_TB0CCTL3_L
   \   00003A                REQUIRE _A_TB0CCTL4_L
   \   00003A                REQUIRE _A_TB0CCTL5_L
   \   00003A                REQUIRE _A_TB0CCTL6_L
   \   00003A                REQUIRE _A_TB0CCR3_L
   \   00003A                REQUIRE _A_TB0CCR4_L
   \   00003A                REQUIRE _A_TB0CCR5_L
   \   00003A                REQUIRE _A_TB0CCR6_L

   Maximum stack usage in bytes:

   CSTACK Function
   ------ --------
      4   Init_Timer_B0


   Segment part sizes:

   Bytes  Function/Label
   -----  --------------
      58  Init_Timer_B0
       2  _A_TA1CTL_L
       2  _A_TB0CCR3_L
       2  _A_TB0CCR4_L
       2  _A_TB0CCR5_L
       2  _A_TB0CCR6_L
       2  _A_TB0CCTL3_L
       2  _A_TB0CCTL4_L
       2  _A_TB0CCTL5_L
       2  _A_TB0CCTL6_L
       2  _A_TB0CTL_L

 
 58 bytes in segment CODE
 20 bytes in segment DATA16_AN
 
 58 bytes of CODE memory
  0 bytes of DATA memory (+ 20 bytes shared)

Errors: none
Warnings: none
